0 info it worked if it ends with ok
1 verbose cli [ 'C:\\Program Files\\nodejs\\node.exe',
1 verbose cli   'C:\\Program Files\\nodejs\\node_modules\\npm\\bin\\npm-cli.js',
1 verbose cli   'start' ]
2 info using npm@3.10.10
3 info using node@v6.11.1
4 verbose run-script [ 'prestart', 'start', 'poststart' ]
5 info lifecycle AppOn@~prestart: AppOn@
6 silly lifecycle AppOn@~prestart: no script for prestart, continuing
7 info lifecycle AppOn@~start: AppOn@
8 verbose lifecycle AppOn@~start: unsafe-perm in lifecycle true
9 verbose lifecycle AppOn@~start: PATH: C:\Program Files\nodejs\node_modules\npm\bin\node-gyp-bin;C:\Users\bexan\Desktop\GIT\AppOn\node_modules\.bin;C:\ProgramData\Oracle\Java\javapath;C:\WINDOWS\system32;C:\WINDOWS;C:\WINDOWS\System32\Wbem;C:\WINDOWS\System32\WindowsPowerShell\v1.0\;C:\Program Files\Java\jdk1.8.0_92\bin;C:\Program Files\MySQL\MySQL Fabric 1.5 & MySQL Utilities 1.5\;C:\Program Files\MySQL\MySQL Fabric 1.5 & MySQL Utilities 1.5\Doctrine extensions for PHP\;C:\Program Files\Microsoft SQL Server\110\Tools\Binn\ManagementStudio\;C:\Program Files\Microsoft SQL Server\110\Tools\Binn\;C:\Program Files\Microsoft Visual Studio 10.0\Common7\IDE\PrivateAssemblies\;C:\Program Files\Microsoft SQL Server\110\DTS\Binn\;C:\Program Files\Skype\Phone\;C:\Program Files\Git\cmd;C:\Program Files\Java\jre1.8.0_92\lib\ext;C:\Program Files\Java\jre1.8.0_92\lib\ext\db2jcc4.jar;C:\PROGRA~1\IBM\SQLLIB\BIN;C:\PROGRA~1\IBM\SQLLIB\FUNCTION;C:\PROGRA~1\IBM\SQLLIB\SAMPLES\REPL;C:\Program Files\sqljdbc_4.1\esn\auth\x86;C:\Program Files\Brackets\command;C:\apache-ant-1.10.1\bin;C:\cygwin\bin;C:\PHP;C:\ProgramData\ComposerSetup\bin;C:\Users\bexan\AppData\Roaming\Composer\vendor\bin;C:\Program Files\nodejs\;C:\Program Files\Java\jdk1.8.0_92\bin;C:\Program Files\Java\jre1.8.0_92\lib\ext\db2jcc4.jar;C:\Program Files\sqljdbc_4.1\esn\auth\x86;C:\Users\bexan\AppData\Local\Microsoft\WindowsApps;C:\Users\bexan\AppData\Roaming\Composer\vendor\bin;C:\Users\bexan\AppData\Roaming\npm;C:\Users\bexan\AppData\Local\.meteor\
10 verbose lifecycle AppOn@~start: CWD: C:\Users\bexan\Desktop\GIT\AppOn
11 silly lifecycle AppOn@~start: Args: [ '/d /s /c', 'meteor run' ]
12 verbose stack Error: kill ENOSYS
12 verbose stack     at exports._errnoException (util.js:1018:11)
12 verbose stack     at process.kill (internal/process.js:190:13)
12 verbose stack     at process.listener (C:\Program Files\nodejs\node_modules\npm\node_modules\npmlog\node_modules\gauge\node_modules\signal-exit\index.js:86:15)
12 verbose stack     at emitNone (events.js:91:20)
12 verbose stack     at process.emit (events.js:185:7)
12 verbose stack     at processEmit (C:\Program Files\nodejs\node_modules\npm\node_modules\npmlog\node_modules\gauge\node_modules\signal-exit\index.js:146:32)
12 verbose stack     at processEmit (C:\Program Files\nodejs\node_modules\npm\node_modules\npm-registry-client\node_modules\npmlog\node_modules\gauge\node_modules\signal-exit\index.js:146:32)
12 verbose stack     at Signal.wrap.onsignal (internal/process.js:217:44)
13 verbose cwd C:\Users\bexan\Desktop\GIT\AppOn
14 error Windows_NT 10.0.14393
15 error argv "C:\\Program Files\\nodejs\\node.exe" "C:\\Program Files\\nodejs\\node_modules\\npm\\bin\\npm-cli.js" "start"
16 error node v6.11.1
17 error npm  v3.10.10
18 error code ENOSYS
19 error errno ENOSYS
20 error syscall kill
21 error kill ENOSYS
22 error If you need help, you may report this error at:
22 error     <https://github.com/npm/npm/issues>
23 verbose exit [ 1, true ]
